-- Tests Datatypes for Input Parameters and return values
--
-- PL/Python is written such that certain Postgres Types map to 
-- certain Python Types, and some return types likewise have 
-- special cast functions.
--
-- The purpose of this test is to verify that all of the datatype
-- mapping code is working correctly, as well as the code that
-- manages OUT parameters, RETURNS TABLE, and other variants
-- on how parameters are returned from PL/Python functions.
--
-- Every function (both single value and setof) is run both from
-- the SELECT clause and the FROM clause since these are different
-- execution paths.
--
-- Greenplum has another distinction regarding weather the function
-- is run on the master or the segment.  So we additionally run
-- every function as a SELECT clause function over a table with
-- a single row.
--  
-- Because Greenplum is slow at reporting errors from segments
-- we only execute against gp_single_row for the statements that
-- should succeed, or where we expect different results (executing SQL)
CREATE TABLE gp_single_row(a int) distributed by (a);
insert into gp_single_row values(1);
-- =============================================
-- TEST 1:  RETURN VALUE TESTING - Scalar values
-- =============================================
--
-- There are 4 "special" return datatypes: Void, Bool, Text, Bytea
-- all other datatypes are handled by converting the python object to
-- a cstring and then calling the typinput function for the type.
--
-- Case 1: Return void
--
-- The only return that is valid for a void returns is Py_None
-- From Python None
SELECT test_return_void('None');
 test_return_void 
------------------
 
(1 row)

SELECT * FROM test_return_void('None');
 test_return_void 
------------------
 
(1 row)

SELECT test_return_void('None') 
FROM gp_single_row;
 test_return_void 
------------------
 
(1 row)

-- Error conditions
-- [ERROR] From Python empty string
SELECT test_return_void('""');
ERROR:  PL/Python function with return type "void" did not return None
CONTEXT:  while creating return value
PL/Python function "test_return_void"
SELECT * FROM test_return_void('""');
ERROR:  PL/Python function with return type "void" did not return None
CONTEXT:  while creating return value
PL/Python function "test_return_void"
-- [ERROR] From Python empty list
SELECT test_return_void('[]');
ERROR:  PL/Python function with return type "void" did not return None
CONTEXT:  while creating return value
PL/Python function "test_return_void"
SELECT * FROM test_return_void('[]');
ERROR:  PL/Python function with return type "void" did not return None
CONTEXT:  while creating return value
PL/Python function "test_return_void"
-- [ERROR] From Python empty dict
SELECT test_return_void('{}');
ERROR:  PL/Python function with return type "void" did not return None
CONTEXT:  while creating return value
PL/Python function "test_return_void"
SELECT * FROM test_return_void('{}');
ERROR:  PL/Python function with return type "void" did not return None
CONTEXT:  while creating return value
PL/Python function "test_return_void"
--
-- Case 2: Return Bool
--
-- Any Object in Python can be resolved as a boolean value.  
--   The conversion is based on the Python notion of True and False.
--   So the string 'f' is True, empty strings and containers are False
--
-- From Python None
SELECT test_return_bool('None');
 test_return_bool 
------------------
 
(1 row)

SELECT * FROM test_return_bool('None');
 test_return_bool 
------------------
 
(1 row)

SELECT test_return_bool('None') FROM gp_single_row;
 test_return_bool 
------------------
 
(1 row)

-- From Python bool
SELECT test_return_bool('True');
 test_return_bool 
------------------
 t
(1 row)

SELECT * FROM test_return_bool('True');
 test_return_bool 
------------------
 t
(1 row)

SELECT test_return_bool('True') FROM gp_single_row;
 test_return_bool 
------------------
 t
(1 row)

SELECT test_return_bool('False');
 test_return_bool 
------------------
 f
(1 row)

SELECT * FROM test_return_bool('False');
 test_return_bool 
------------------
 f
(1 row)

SELECT test_return_bool('False') FROM gp_single_row;
 test_return_bool 
------------------
 f
(1 row)

-- From Python empty string
SELECT test_return_bool('""');
 test_return_bool 
------------------
 f
(1 row)

SELECT * FROM test_return_bool('""');
 test_return_bool 
------------------
 f
(1 row)

SELECT test_return_bool('""') FROM gp_single_row;
 test_return_bool 
------------------
 f
(1 row)

-- From Python string
SELECT test_return_bool('"value"');
 test_return_bool 
------------------
 t
(1 row)

SELECT * FROM test_return_bool('"value"');
 test_return_bool 
------------------
 t
(1 row)

SELECT test_return_bool('"value"') FROM gp_single_row;
 test_return_bool 
------------------
 t
(1 row)

-- From Python empty list
SELECT test_return_bool('[]');
 test_return_bool 
------------------
 f
(1 row)

SELECT * FROM test_return_bool('[]');
 test_return_bool 
------------------
 f
(1 row)

SELECT test_return_bool('[]') FROM gp_single_row;
 test_return_bool 
------------------
 f
(1 row)

-- From Python non-empty list
SELECT test_return_bool('[False]');
 test_return_bool 
------------------
 t
(1 row)

SELECT * FROM test_return_bool('[False]');
 test_return_bool 
------------------
 t
(1 row)

SELECT test_return_bool('[False]') FROM gp_single_row;
 test_return_bool 
------------------
 t
(1 row)

-- From Python empty dict
SELECT test_return_bool('{}');
 test_return_bool 
------------------
 f
(1 row)

SELECT * FROM test_return_bool('{}');
 test_return_bool 
------------------
 f
(1 row)

SELECT test_return_bool('{}') FROM gp_single_row;
 test_return_bool 
------------------
 f
(1 row)

-- From Python non-empty dict
SELECT test_return_bool('{None: None}');
 test_return_bool 
------------------
 t
(1 row)

SELECT * FROM test_return_bool('{None: None}');
 test_return_bool 
------------------
 t
(1 row)

SELECT test_return_bool('{None: None}') FROM gp_single_row;
 test_return_bool 
------------------
 t
(1 row)

-- From Python Object with bad str() function
SELECT test_return_bool(
    E'1; exec("class Foo:\\n  def __str__(self): return None"); y = Foo()'
);
 test_return_bool 
------------------
 t
(1 row)

SELECT * FROM test_return_bool(
    E'1; exec("class Foo:\\n  def __str__(self): return None"); y = Foo()'
);
 test_return_bool 
------------------
 t
(1 row)

-- Error conditions
--   None
--
-- Case 3: Return Text
--
-- From Python None
SELECT test_return_text('None');
 test_return_text 
------------------
 
(1 row)

SELECT * FROM test_return_text('None');
 test_return_text 
------------------
 
(1 row)

SELECT test_return_text('None') 
FROM gp_single_row;
 test_return_text 
------------------
 
(1 row)

-- From Python bool
SELECT test_return_text('True');
 test_return_text 
------------------
 True
(1 row)

SELECT * FROM test_return_text('True');
 test_return_text 
------------------
 True
(1 row)

SELECT test_return_text('True') 
FROM gp_single_row;
 test_return_text 
------------------
 True
(1 row)

-- From Python empty string
SELECT test_return_text('""');
 test_return_text 
------------------
 
(1 row)

SELECT * FROM test_return_text('""');
 test_return_text 
------------------
 
(1 row)

SELECT test_return_text('""') 
FROM gp_single_row;
 test_return_text 
------------------
 
(1 row)

-- From Python string
SELECT test_return_text('"value"');
 test_return_text 
------------------
 value
(1 row)

SELECT * FROM test_return_text('"value"');
 test_return_text 
------------------
 value
(1 row)

SELECT test_return_text('"value"') 
FROM gp_single_row;
 test_return_text 
------------------
 value
(1 row)

-- From Python empty list
SELECT test_return_text('[]');
 test_return_text 
------------------
 []
(1 row)

SELECT * FROM test_return_text('[]');
 test_return_text 
------------------
 []
(1 row)

SELECT test_return_text('[]') 
FROM gp_single_row;
 test_return_text 
------------------
 []
(1 row)

-- From Python non-empty list
SELECT test_return_text('[False]');
 test_return_text 
------------------
 [False]
(1 row)

SELECT * FROM test_return_text('[False]');
 test_return_text 
------------------
 [False]
(1 row)

SELECT test_return_text('[False]') 
FROM gp_single_row;
 test_return_text 
------------------
 [False]
(1 row)

-- From Python empty dict
SELECT test_return_text('{}');
 test_return_text 
------------------
 {}
(1 row)

SELECT * FROM test_return_text('{}');
 test_return_text 
------------------
 {}
(1 row)

SELECT test_return_text('{}') 
FROM gp_single_row;
 test_return_text 
------------------
 {}
(1 row)

-- From Python non-empty dict
SELECT test_return_text('{None: None}');
 test_return_text 
------------------
 {None: None}
(1 row)

SELECT * FROM test_return_text('{None: None}');
 test_return_text 
------------------
 {None: None}
(1 row)

SELECT test_return_text('{None: None}') 
FROM gp_single_row;
 test_return_text 
------------------
 {None: None}
(1 row)

-- From Python Object with str() function
SELECT test_return_text(
    E'1; exec("class Foo:\\n  def __str__(self): return \\"test\\""); y = Foo()'
);
 test_return_text 
------------------
 test
(1 row)

SELECT * FROM test_return_text(
    E'1; exec("class Foo:\\n  def __str__(self): return \\"test\\""); y = Foo()'
);
 test_return_text 
------------------
 test
(1 row)

SELECT test_return_text(
    E'1; exec("class Foo:\\n  def __str__(self): return \\"test\\""); y = Foo()'
) FROM gp_single_row;
 test_return_text 
------------------
 test
(1 row)

-- Error conditions:
--   There are two ways that a "text" return can fail:
--     a) There isn't a __str__ function for the returned object
--     b) The returned string contains null characters (valid in Python)
-- [ERROR] From Python String with null characters
SELECT test_return_text(E'"test\\0"');
ERROR:  could not convert Python object into cstring: Python string representation appears to contain null bytes
CONTEXT:  while creating return value
PL/Python function "test_return_text"
SELECT * FROM test_return_text(E'"test\\0"');
ERROR:  could not convert Python object into cstring: Python string representation appears to contain null bytes
CONTEXT:  while creating return value
PL/Python function "test_return_text"
-- [ERROR] From Python Object with bad str() function
SELECT test_return_text(
    E'1; exec("class Foo:\\n  def __str__(self): return None"); y = Foo()'
);
ERROR:  could not create string representation of Python object (plpython.c:4699)
DETAIL:  TypeError: __str__ returned non-string (type NoneType)
CONTEXT:  while creating return value
PL/Python function "test_return_text"
SELECT * FROM test_return_text(
    E'1; exec("class Foo:\\n  def __str__(self): return None"); y = Foo()'
);
ERROR:  could not create string representation of Python object (plpython.c:4699)
DETAIL:  TypeError: __str__ returned non-string (type NoneType)
CONTEXT:  while creating return value
PL/Python function "test_return_text"
--
-- Case 4: Return Bytea
--
-- Bytea is like text, except that it allows return strings to contain null 
-- characters
--
-- From Python None
SELECT test_return_bytea('None');
 test_return_bytea 
-------------------
 
(1 row)

SELECT * FROM test_return_bytea('None');
 test_return_bytea 
-------------------
 
(1 row)

SELECT test_return_bytea('None') 
FROM gp_single_row;
 test_return_bytea 
-------------------
 
(1 row)

-- From Python bool
SELECT test_return_bytea('True');
 test_return_bytea 
-------------------
 True
(1 row)

SELECT * FROM test_return_bytea('True');
 test_return_bytea 
-------------------
 True
(1 row)

SELECT test_return_bytea('True') 
FROM gp_single_row;
 test_return_bytea 
-------------------
 True
(1 row)

-- From Python empty string
SELECT test_return_bytea('""');
 test_return_bytea 
-------------------
 
(1 row)

SELECT * FROM test_return_bytea('""');
 test_return_bytea 
-------------------
 
(1 row)

SELECT test_return_bytea('""') 
FROM gp_single_row;
 test_return_bytea 
-------------------
 
(1 row)

-- From Python string
SELECT test_return_bytea('"value"');
 test_return_bytea 
-------------------
 value
(1 row)

SELECT * FROM test_return_bytea('"value"');
 test_return_bytea 
-------------------
 value
(1 row)

SELECT test_return_bytea('"value"') 
FROM gp_single_row;
 test_return_bytea 
-------------------
 value
(1 row)

-- From Python empty list
SELECT test_return_bytea('[]');
 test_return_bytea 
-------------------
 []
(1 row)

SELECT * FROM test_return_bytea('[]');
 test_return_bytea 
-------------------
 []
(1 row)

SELECT test_return_bytea('[]') 
FROM gp_single_row;
 test_return_bytea 
-------------------
 []
(1 row)

-- From Python non-empty list
SELECT test_return_bytea('[False]');
 test_return_bytea 
-------------------
 [False]
(1 row)

SELECT * FROM test_return_bytea('[False]');
 test_return_bytea 
-------------------
 [False]
(1 row)

SELECT test_return_bytea('[False]') 
FROM gp_single_row;
 test_return_bytea 
-------------------
 [False]
(1 row)

-- From Python empty dict
SELECT test_return_bytea('{}');
 test_return_bytea 
-------------------
 {}
(1 row)

SELECT * FROM test_return_bytea('{}');
 test_return_bytea 
-------------------
 {}
(1 row)

SELECT test_return_bytea('{}') 
FROM gp_single_row;
 test_return_bytea 
-------------------
 {}
(1 row)

-- From Python non-empty dict
SELECT test_return_bytea('{None: None}');
 test_return_bytea 
-------------------
 {None: None}
(1 row)

SELECT * FROM test_return_bytea('{None: None}');
 test_return_bytea 
-------------------
 {None: None}
(1 row)

SELECT test_return_bytea('{None: None}') 
FROM gp_single_row;
 test_return_bytea 
-------------------
 {None: None}
(1 row)

-- From Python Object with str() function
SELECT test_return_bytea(
    E'1; exec("class Foo:\\n  def __str__(self): return \\"test\\""); y = Foo()'
);
 test_return_bytea 
-------------------
 test
(1 row)

SELECT * FROM test_return_bytea(
    E'1; exec("class Foo:\\n  def __str__(self): return \\"test\\""); y = Foo()'
);
 test_return_bytea 
-------------------
 test
(1 row)

SELECT test_return_bytea(
    E'1; exec("class Foo:\\n  def __str__(self): return \\"test\\""); y = Foo()'
) FROM gp_single_row;
 test_return_bytea 
-------------------
 test
(1 row)

-- From Python String with null characters
SELECT test_return_bytea(E'"test\\0"');
 test_return_bytea 
-------------------
 test\000
(1 row)

SELECT * FROM test_return_bytea(E'"test\\0"');
 test_return_bytea 
-------------------
 test\000
(1 row)

SELECT test_return_bytea(E'"test\\0"') 
FROM gp_single_row;
 test_return_bytea 
-------------------
 test\000
(1 row)

-- Error conditions
-- [ERROR] From Python Object with bad str() function
SELECT test_return_bytea(
    E'1; exec("class Foo:\\n  def __str__(self): return None"); y = Foo()'
);
ERROR:  could not create bytes representation of Python object (plpython.c:4699)
DETAIL:  TypeError: __str__ returned non-string (type NoneType)
CONTEXT:  while creating return value
PL/Python function "test_return_bytea"
SELECT * FROM test_return_bytea(
    E'1; exec("class Foo:\\n  def __str__(self): return None"); y = Foo()'
);
ERROR:  could not create bytes representation of Python object (plpython.c:4699)
DETAIL:  TypeError: __str__ returned non-string (type NoneType)
CONTEXT:  while creating return value
PL/Python function "test_return_bytea"
SELECT test_return_bytea(
    E'1; exec("class Foo:\\n  def __str__(self): return None"); y = Foo()'
) FROM gp_single_row;
ERROR:  could not create bytes representation of Python object (plpython.c:4699)  (seg0 slice1 gxymac.local:40000 pid=35336) (cdbdisp.c:1462)
DETAIL:  
	 TypeError: __str__ returned non-string (type NoneType)
	 while creating return value
PL/Python function "test_return_bytea"
--
-- Case 5: Return Circle
--
-- We use Circle as a representative type that uses the typinput function
-- This equally applies to other types such as "int2", "int4", "money", etc.
--
-- From Python None
SELECT test_return_circle('None');
 test_return_circle 
--------------------
 
(1 row)

SELECT * FROM test_return_circle('None');
 test_return_circle 
--------------------
 
(1 row)

SELECT test_return_circle('None') 
FROM gp_single_row;
 test_return_circle 
--------------------
 
(1 row)

--  From Python String
SELECT test_return_circle('"((3,1),4)"');
 test_return_circle 
--------------------
 <(3,1),4>
(1 row)

SELECT * FROM test_return_circle('"((3,1),4)"');
 test_return_circle 
--------------------
 <(3,1),4>
(1 row)

SELECT test_return_circle('"((3,1),4)"') 
FROM gp_single_row;
 test_return_circle 
--------------------
 <(3,1),4>
(1 row)

-- From Python List
SELECT test_return_circle('((3,1),4)');
 test_return_circle 
--------------------
 <(3,1),4>
(1 row)

SELECT * FROM test_return_circle('((3,1),4)');
 test_return_circle 
--------------------
 <(3,1),4>
(1 row)

SELECT test_return_circle('((3,1),4)') 
FROM gp_single_row;
 test_return_circle 
--------------------
 <(3,1),4>
(1 row)

-- Questionable error conditions
-- [ERROR] From Python Tuple
SELECT test_return_circle('[[3,1],4]');
ERROR:  invalid input syntax for type circle: "[[3, 1], 4]"
CONTEXT:  while creating return value
PL/Python function "test_return_circle"
SELECT * FROM test_return_circle('[[3,1],4]');
ERROR:  invalid input syntax for type circle: "[[3, 1], 4]"
CONTEXT:  while creating return value
PL/Python function "test_return_circle"
-- Error conditions
-- [ERROR] From Python bool
SELECT test_return_circle('True');
ERROR:  invalid input syntax for type circle: "True"
CONTEXT:  while creating return value
PL/Python function "test_return_circle"
SELECT * FROM test_return_circle('True');
ERROR:  invalid input syntax for type circle: "True"
CONTEXT:  while creating return value
PL/Python function "test_return_circle"
-- [ERROR] From Python empty string
SELECT test_return_circle('""');
ERROR:  invalid input syntax for type circle: ""
CONTEXT:  while creating return value
PL/Python function "test_return_circle"
SELECT * FROM test_return_circle('""');
ERROR:  invalid input syntax for type circle: ""
CONTEXT:  while creating return value
PL/Python function "test_return_circle"
-- [ERROR] From Python string
SELECT test_return_circle('"value"');
ERROR:  invalid input syntax for type circle: "value"
CONTEXT:  while creating return value
PL/Python function "test_return_circle"
SELECT * FROM test_return_circle('"value"');
ERROR:  invalid input syntax for type circle: "value"
CONTEXT:  while creating return value
PL/Python function "test_return_circle"
-- [ERROR] From Python empty list
SELECT test_return_circle('[]');
ERROR:  invalid input syntax for type circle: "[]"
CONTEXT:  while creating return value
PL/Python function "test_return_circle"
SELECT * FROM test_return_circle('[]');
ERROR:  invalid input syntax for type circle: "[]"
CONTEXT:  while creating return value
PL/Python function "test_return_circle"
-- [ERROR] From Python non-empty list
SELECT test_return_circle('[False]');
ERROR:  invalid input syntax for type circle: "[False]"
CONTEXT:  while creating return value
PL/Python function "test_return_circle"
SELECT * FROM test_return_circle('[False]');
ERROR:  invalid input syntax for type circle: "[False]"
CONTEXT:  while creating return value
PL/Python function "test_return_circle"
-- [ERROR] From Python empty dict
SELECT test_return_circle('{}');
ERROR:  invalid input syntax for type circle: "{}"
CONTEXT:  while creating return value
PL/Python function "test_return_circle"
SELECT * FROM test_return_circle('{}');
ERROR:  invalid input syntax for type circle: "{}"
CONTEXT:  while creating return value
PL/Python function "test_return_circle"
-- [ERROR] From Python non-empty dict
SELECT test_return_circle('{None: None}');
ERROR:  invalid input syntax for type circle: "{None: None}"
CONTEXT:  while creating return value
PL/Python function "test_return_circle"
SELECT * FROM test_return_circle('{None: None}');
ERROR:  invalid input syntax for type circle: "{None: None}"
CONTEXT:  while creating return value
PL/Python function "test_return_circle"
-- [ERROR] From Python String with null characters
SELECT test_return_circle(E'"test\\0"');
ERROR:  could not convert Python object into cstring: Python string representation appears to contain null bytes
CONTEXT:  while creating return value
PL/Python function "test_return_circle"
SELECT * FROM test_return_circle(E'"test\\0"');
ERROR:  could not convert Python object into cstring: Python string representation appears to contain null bytes
CONTEXT:  while creating return value
PL/Python function "test_return_circle"
-- ===================================================
-- TEST 2:  RETURN VALUE TESTING - SETOF scalar values
-- ===================================================
--
-- The test for the scalar values also need to be tested with SETOF since this
-- goes through a different codepath.
--
-- In this case the returned Python Object is converted into an iterator object
-- and each value of the resulting iterator is returned as a row matching the
-- return datatype.
--
-- This can create some peculiar results due to how some Python objects are
-- actually converted to iterators.  Most notably an iterator over a string
-- is the set of characters comprising the string, and an iterator over a dict
-- is the set of KEYS of the dictionary.
--
-- Case 1: Return SETOF void
--
-- Success conditions
-- From Python List of None
SELECT test_return_setof_void('[None, None]');
 test_return_setof_void 
------------------------
 
 
(2 rows)

SELECT * FROM test_return_setof_void('[None, None]');
 test_return_setof_void 
------------------------
 
 
(2 rows)

SELECT test_return_setof_void('[None, None]') 
FROM gp_single_row;
 test_return_setof_void 
------------------------
 
 
(2 rows)

-- From Python Empty List
SELECT test_return_setof_void('[]');
 test_return_setof_void 
------------------------
(0 rows)

SELECT * FROM test_return_setof_void('[]');
 test_return_setof_void 
------------------------
(0 rows)

SELECT test_return_setof_void('[]') 
FROM gp_single_row;
 test_return_setof_void 
------------------------
(0 rows)

-- Error conditions
-- [ERROR] From Python None
SELECT test_return_setof_void('None');
ERROR:  returned object cannot be iterated
DETAIL:  PL/Python set-returning functions must return an iterable object.
CONTEXT:  PL/Python function "test_return_setof_void"
SELECT * FROM test_return_setof_void('None');
ERROR:  returned object cannot be iterated
DETAIL:  PL/Python set-returning functions must return an iterable object.
CONTEXT:  PL/Python function "test_return_setof_void"
-- [ERROR] From Python string
SELECT test_return_setof_void('"value"');
ERROR:  PL/Python function with return type "void" did not return None
CONTEXT:  while creating return value
PL/Python function "test_return_setof_void"
SELECT * FROM test_return_setof_void('"value"');
ERROR:  PL/Python function with return type "void" did not return None
CONTEXT:  while creating return value
PL/Python function "test_return_setof_void"
-- [ERROR] From Python List of values
SELECT test_return_setof_void('["value"]');
ERROR:  PL/Python function with return type "void" did not return None
CONTEXT:  while creating return value
PL/Python function "test_return_setof_void"
SELECT * FROM test_return_setof_void('["value"]');
ERROR:  PL/Python function with return type "void" did not return None
CONTEXT:  while creating return value
PL/Python function "test_return_setof_void"
-- [ERROR] From Python Dict with keys other than "None"
SELECT test_return_setof_void('{"value": None}');
ERROR:  PL/Python function with return type "void" did not return None
CONTEXT:  while creating return value
PL/Python function "test_return_setof_void"
SELECT * FROM test_return_setof_void('{"value": None}');
ERROR:  PL/Python function with return type "void" did not return None
CONTEXT:  while creating return value
PL/Python function "test_return_setof_void"
-- Questionable Success conditions
-- From Python empty string
SELECT test_return_setof_void('""');
 test_return_setof_void 
------------------------
(0 rows)

SELECT * FROM test_return_setof_void('""');
 test_return_setof_void 
------------------------
(0 rows)

-- From Python empty dictionary
SELECT test_return_setof_void('{}');
 test_return_setof_void 
------------------------
(0 rows)

SELECT * FROM test_return_setof_void('{}');
 test_return_setof_void 
------------------------
(0 rows)

-- From Python dictionary with a "None" key
SELECT test_return_setof_void('{None: "ignored"}');
 test_return_setof_void 
------------------------
 
(1 row)

SELECT * FROM test_return_setof_void('{None: "ignored"}');
 test_return_setof_void 
------------------------
 
(1 row)

--
-- Case 2: Return SETOF Bool
--
-- Success conditions
-- From Python Empty List
SELECT test_return_setof_bool('[]');
 test_return_setof_bool 
------------------------
(0 rows)

SELECT * FROM test_return_setof_bool('[]');
 test_return_setof_bool 
------------------------
(0 rows)

SELECT test_return_setof_bool('[]') 
FROM gp_single_row;
 test_return_setof_bool 
------------------------
(0 rows)

-- From Python List
SELECT test_return_setof_bool('[None, True, "value", [1], {"A": "B"}]');
 test_return_setof_bool 
------------------------
 
 t
 t
 t
 t
(5 rows)

SELECT * FROM test_return_setof_bool('[None, True, "value", [1], {"A": "B"}]');
 test_return_setof_bool 
------------------------
 
 t
 t
 t
 t
(5 rows)

SELECT test_return_setof_bool('[None, True, "value", [1], {"A": "B"}]') 
FROM gp_single_row;
 test_return_setof_bool 
------------------------
 
 t
 t
 t
 t
(5 rows)

-- Error conditions
-- [ERROR] From Python None
SELECT test_return_setof_bool('None');
ERROR:  returned object cannot be iterated
DETAIL:  PL/Python set-returning functions must return an iterable object.
CONTEXT:  PL/Python function "test_return_setof_bool"
SELECT * FROM test_return_setof_bool('None');
ERROR:  returned object cannot be iterated
DETAIL:  PL/Python set-returning functions must return an iterable object.
CONTEXT:  PL/Python function "test_return_setof_bool"
-- [ERROR] From Python Bool
SELECT test_return_setof_bool('True');
ERROR:  returned object cannot be iterated
DETAIL:  PL/Python set-returning functions must return an iterable object.
CONTEXT:  PL/Python function "test_return_setof_bool"
SELECT * FROM test_return_setof_bool('True');
ERROR:  returned object cannot be iterated
DETAIL:  PL/Python set-returning functions must return an iterable object.
CONTEXT:  PL/Python function "test_return_setof_bool"
-- Questionable Success conditions
-- From Python empty string
SELECT test_return_setof_bool('""');
 test_return_setof_bool 
------------------------
(0 rows)

SELECT * FROM test_return_setof_bool('""');
 test_return_setof_bool 
------------------------
(0 rows)

-- From Python empty dictionary
SELECT test_return_setof_bool('{}');
 test_return_setof_bool 
------------------------
(0 rows)

SELECT * FROM test_return_setof_bool('{}');
 test_return_setof_bool 
------------------------
(0 rows)

-- From Python string
SELECT test_return_setof_bool('"value"');
 test_return_setof_bool 
------------------------
 t
 t
 t
 t
 t
(5 rows)

SELECT * FROM test_return_setof_bool('"value"');
 test_return_setof_bool 
------------------------
 t
 t
 t
 t
 t
(5 rows)

-- From Python string with null values (which are also true)
SELECT test_return_setof_bool(E'"test\\0"');
 test_return_setof_bool 
------------------------
 t
 t
 t
 t
 t
(5 rows)

SELECT * FROM test_return_setof_bool(E'"test\\0"');
 test_return_setof_bool 
------------------------
 t
 t
 t
 t
 t
(5 rows)

-- From Python dictionary 
SELECT test_return_setof_bool('{True: "ignored", False: "ignored"}');
 test_return_setof_bool 
------------------------
 f
 t
(2 rows)

SELECT * FROM test_return_setof_bool('{True: "ignored", False: "ignored"}');
 test_return_setof_bool 
------------------------
 f
 t
(2 rows)

--
-- Case 3: Return SETOF Text
--
-- From Python Empty List
SELECT test_return_setof_text('[]');
 test_return_setof_text 
------------------------
(0 rows)

SELECT * FROM test_return_setof_text('[]');
 test_return_setof_text 
------------------------
(0 rows)

SELECT test_return_setof_text('[]') 
FROM gp_single_row;
 test_return_setof_text 
------------------------
(0 rows)

-- From Python List of values
SELECT test_return_setof_text('[None, True, "value", [1], {"A": "B"}]');
 test_return_setof_text 
------------------------
 
 True
 value
 [1]
 {'A': 'B'}
(5 rows)

SELECT * FROM test_return_setof_text('[None, True, "value", [1], {"A": "B"}]');
 test_return_setof_text 
------------------------
 
 True
 value
 [1]
 {'A': 'B'}
(5 rows)

SELECT test_return_setof_text('[None, True, "value", [1], {"A": "B"}]') 
FROM gp_single_row;
 test_return_setof_text 
------------------------
 
 True
 value
 [1]
 {'A': 'B'}
(5 rows)

-- Error conditions
-- [ERROR] From Python None
SELECT test_return_setof_text('None');
ERROR:  returned object cannot be iterated
DETAIL:  PL/Python set-returning functions must return an iterable object.
CONTEXT:  PL/Python function "test_return_setof_text"
SELECT * FROM test_return_setof_text('None');
ERROR:  returned object cannot be iterated
DETAIL:  PL/Python set-returning functions must return an iterable object.
CONTEXT:  PL/Python function "test_return_setof_text"
-- [ERROR] From Python Bool
SELECT test_return_setof_text('True');
ERROR:  returned object cannot be iterated
DETAIL:  PL/Python set-returning functions must return an iterable object.
CONTEXT:  PL/Python function "test_return_setof_text"
SELECT * FROM test_return_setof_text('True');
ERROR:  returned object cannot be iterated
DETAIL:  PL/Python set-returning functions must return an iterable object.
CONTEXT:  PL/Python function "test_return_setof_text"
-- [ERROR] From Python string with null values
SELECT test_return_setof_text(E'"test\\0"');
ERROR:  could not convert Python object into cstring: Python string representation appears to contain null bytes
CONTEXT:  while creating return value
PL/Python function "test_return_setof_text"
SELECT * FROM test_return_setof_text(E'"test\\0"');
ERROR:  could not convert Python object into cstring: Python string representation appears to contain null bytes
CONTEXT:  while creating return value
PL/Python function "test_return_setof_text"
-- Questionable Success conditions
-- From Python empty string
SELECT test_return_setof_text('""');
 test_return_setof_text 
------------------------
(0 rows)

SELECT * FROM test_return_setof_text('""');
 test_return_setof_text 
------------------------
(0 rows)

-- From Python empty dictionary
SELECT test_return_setof_text('{}');
 test_return_setof_text 
------------------------
(0 rows)

SELECT * FROM test_return_setof_text('{}');
 test_return_setof_text 
------------------------
(0 rows)

-- From Python string
SELECT test_return_setof_text('"value"');
 test_return_setof_text 
------------------------
 v
 a
 l
 u
 e
(5 rows)

SELECT * FROM test_return_setof_text('"value"');
 test_return_setof_text 
------------------------
 v
 a
 l
 u
 e
(5 rows)

-- From Python dictionary 
SELECT test_return_setof_text('{True: "ignored", False: "ignored"}');
 test_return_setof_text 
------------------------
 False
 True
(2 rows)

SELECT * FROM test_return_setof_text('{True: "ignored", False: "ignored"}');
 test_return_setof_text 
------------------------
 False
 True
(2 rows)

--
-- Case 4: Return SETOF Bytea
--
-- From Python Empty List
SELECT test_return_setof_bytea('[]');
 test_return_setof_bytea 
-------------------------
(0 rows)

SELECT * FROM test_return_setof_bytea('[]');
 test_return_setof_bytea 
-------------------------
(0 rows)

SELECT test_return_setof_bytea('[]') 
FROM gp_single_row;
 test_return_setof_bytea 
-------------------------
(0 rows)

-- From Python List of values
SELECT test_return_setof_bytea(E'[None, True, "value", [1], {"\\0": "B"}]');
 test_return_setof_bytea 
-------------------------
 
 True
 value
 [1]
 {'\\x00': 'B'}
(5 rows)

SELECT * FROM test_return_setof_bytea(E'[None, True, "value", [1], {"\\0": "B"}]');
 test_return_setof_bytea 
-------------------------
 
 True
 value
 [1]
 {'\\x00': 'B'}
(5 rows)

SELECT test_return_setof_bytea(E'[None, True, "value", [1], {"\\0": "B"}]') 
FROM gp_single_row;
 test_return_setof_bytea 
-------------------------
 
 True
 value
 [1]
 {'\\x00': 'B'}
(5 rows)

-- Error conditions
-- [ERROR] From Python None
SELECT test_return_setof_bytea('None');
ERROR:  returned object cannot be iterated
DETAIL:  PL/Python set-returning functions must return an iterable object.
CONTEXT:  PL/Python function "test_return_setof_bytea"
SELECT * FROM test_return_setof_bytea('None');
ERROR:  returned object cannot be iterated
DETAIL:  PL/Python set-returning functions must return an iterable object.
CONTEXT:  PL/Python function "test_return_setof_bytea"
-- [ERROR] From Python Bool
SELECT test_return_setof_bytea('True');
ERROR:  returned object cannot be iterated
DETAIL:  PL/Python set-returning functions must return an iterable object.
CONTEXT:  PL/Python function "test_return_setof_bytea"
SELECT * FROM test_return_setof_bytea('True');
ERROR:  returned object cannot be iterated
DETAIL:  PL/Python set-returning functions must return an iterable object.
CONTEXT:  PL/Python function "test_return_setof_bytea"
-- Questionable Success conditions
-- From Python empty string
SELECT test_return_setof_bytea('""');
 test_return_setof_bytea 
-------------------------
(0 rows)

SELECT * FROM test_return_setof_bytea('""');
 test_return_setof_bytea 
-------------------------
(0 rows)

-- From Python empty dictionary
SELECT test_return_setof_bytea('{}');
 test_return_setof_bytea 
-------------------------
(0 rows)

SELECT * FROM test_return_setof_bytea('{}');
 test_return_setof_bytea 
-------------------------
(0 rows)

-- From Python string
SELECT test_return_setof_bytea('"value"');
 test_return_setof_bytea 
-------------------------
 v
 a
 l
 u
 e
(5 rows)

SELECT * FROM test_return_setof_bytea('"value"');
 test_return_setof_bytea 
-------------------------
 v
 a
 l
 u
 e
(5 rows)

-- From Python string with null values
SELECT test_return_setof_bytea(E'"test\\0"');
 test_return_setof_bytea 
-------------------------
 t
 e
 s
 t
 \000
(5 rows)

SELECT * FROM test_return_setof_bytea(E'"test\\0"');
 test_return_setof_bytea 
-------------------------
 t
 e
 s
 t
 \000
(5 rows)

-- From Python dictionary 
SELECT test_return_setof_bytea('{True: "ignored", False: "ignored"}');
 test_return_setof_bytea 
-------------------------
 False
 True
(2 rows)

SELECT * FROM test_return_setof_bytea('{True: "ignored", False: "ignored"}');
 test_return_setof_bytea 
-------------------------
 False
 True
(2 rows)

--
-- Case 5: Return SETOF Circle
--
-- From Python Empty List
SELECT test_return_setof_circle('[]');
 test_return_setof_circle 
--------------------------
(0 rows)

SELECT * FROM test_return_setof_circle('[]');
 test_return_setof_circle 
--------------------------
(0 rows)

SELECT test_return_setof_circle('[]') 
FROM gp_single_row;
 test_return_setof_circle 
--------------------------
(0 rows)

-- From Python List of compatable values
SELECT test_return_setof_circle('[None, ((3,1),4), "((5,3),1)"]');
 test_return_setof_circle 
--------------------------
 
 <(3,1),4>
 <(5,3),1>
(3 rows)

SELECT * FROM test_return_setof_circle('[None, ((3,1),4), "((5,3),1)"]');
 test_return_setof_circle 
--------------------------
 
 <(3,1),4>
 <(5,3),1>
(3 rows)

SELECT test_return_setof_circle('[None, ((3,1),4), "((5,3),1)"]')
FROM gp_single_row;
 test_return_setof_circle 
--------------------------
 
 <(3,1),4>
 <(5,3),1>
(3 rows)

-- Questionable Error conditions
-- [ERROR] From Python List of tuples
SELECT test_return_setof_circle('[ [[3,1],4] ]');
ERROR:  invalid input syntax for type circle: "[[3, 1], 4]"
CONTEXT:  while creating return value
PL/Python function "test_return_setof_circle"
SELECT * FROM test_return_setof_circle('[ [[3,1],4] ]');
ERROR:  invalid input syntax for type circle: "[[3, 1], 4]"
CONTEXT:  while creating return value
PL/Python function "test_return_setof_circle"
-- Error conditions
-- [ERROR] From Python None
SELECT test_return_setof_circle('None');
ERROR:  returned object cannot be iterated
DETAIL:  PL/Python set-returning functions must return an iterable object.
CONTEXT:  PL/Python function "test_return_setof_circle"
SELECT * FROM test_return_setof_circle('None');
ERROR:  returned object cannot be iterated
DETAIL:  PL/Python set-returning functions must return an iterable object.
CONTEXT:  PL/Python function "test_return_setof_circle"
-- [ERROR] From Python Bool
SELECT test_return_setof_circle('True');
ERROR:  returned object cannot be iterated
DETAIL:  PL/Python set-returning functions must return an iterable object.
CONTEXT:  PL/Python function "test_return_setof_circle"
SELECT * FROM test_return_setof_circle('True');
ERROR:  returned object cannot be iterated
DETAIL:  PL/Python set-returning functions must return an iterable object.
CONTEXT:  PL/Python function "test_return_setof_circle"
-- [ERROR] From Python string
SELECT test_return_setof_circle('"value"');
ERROR:  invalid input syntax for type circle: "v"
CONTEXT:  while creating return value
PL/Python function "test_return_setof_circle"
SELECT * FROM test_return_setof_circle('"value"');
ERROR:  invalid input syntax for type circle: "v"
CONTEXT:  while creating return value
PL/Python function "test_return_setof_circle"
-- [ERROR] From Python List of incompatable values
SELECT test_return_setof_circle('[None, "value"]');
ERROR:  invalid input syntax for type circle: "value"
CONTEXT:  while creating return value
PL/Python function "test_return_setof_circle"
SELECT * FROM test_return_setof_circle('[None, "value"]');
ERROR:  invalid input syntax for type circle: "value"
CONTEXT:  while creating return value
PL/Python function "test_return_setof_circle"
-- Questionable Success conditions
-- From Python empty string
SELECT test_return_setof_circle('""');
 test_return_setof_circle 
--------------------------
(0 rows)

SELECT * FROM test_return_setof_circle('""');
 test_return_setof_circle 
--------------------------
(0 rows)

-- From Python empty dictionary
SELECT test_return_setof_circle('{}');
 test_return_setof_circle 
--------------------------
(0 rows)

SELECT * FROM test_return_setof_circle('{}');
 test_return_setof_circle 
--------------------------
(0 rows)

-- From Python dictionary 
SELECT test_return_setof_circle('{((3,1),4): "ignored"}');
 test_return_setof_circle 
--------------------------
 <(3,1),4>
(1 row)

SELECT * FROM test_return_setof_circle('{((3,1),4): "ignored"}');
 test_return_setof_circle 
--------------------------
 <(3,1),4>
(1 row)

-- ===============================================
-- TEST 3:  RETURN VALUE TESTING - Compound values
-- ===============================================
-- Compound types, aka record types, are simply built up from
-- the existing primitive types.  
--
-- Within PL/Python the most common way of dealing with compound
-- types is to return them as a python dictionary with the keys
-- of the dictionary being the names of the compound elements
-- and the values being the values.
--
-- Case 1: From a User Defined Type
--
-- From Python None
SELECT test_return_type_record('None');
 test_return_type_record 
-------------------------
 
(1 row)

SELECT * FROM test_return_type_record('None');
 first | second 
-------+--------
       |       
(1 row)

SELECT test_return_type_record('None') 
FROM gp_single_row;
 test_return_type_record 
-------------------------
 
(1 row)

SELECT (test_return_type_record('None')).*;
 first | second 
-------+--------
       |       
(1 row)

SELECT (test_return_type_record('None')).*
FROM gp_single_row;
 first | second 
-------+--------
       |       
(1 row)

-- From Python List
SELECT test_return_type_record('("value", 4)');
 test_return_type_record 
-------------------------
 (value,4)
(1 row)

SELECT * FROM test_return_type_record('("value", 4)');
 first | second 
-------+--------
 value |      4
(1 row)

SELECT test_return_type_record('("value", 4)')
FROM gp_single_row;
 test_return_type_record 
-------------------------
 (value,4)
(1 row)

SELECT (test_return_type_record('("value", 4)')).*;
 first | second 
-------+--------
 value |      4
(1 row)

SELECT (test_return_type_record('("value", 4)')).*
FROM gp_single_row;
 first | second 
-------+--------
 value |      4
(1 row)

-- From Python Tuple
SELECT test_return_type_record('["value", 4]');
 test_return_type_record 
-------------------------
 (value,4)
(1 row)

SELECT * FROM test_return_type_record('["value", 4]');
 first | second 
-------+--------
 value |      4
(1 row)

SELECT test_return_type_record('["value", 4]')
FROM gp_single_row;
 test_return_type_record 
-------------------------
 (value,4)
(1 row)

SELECT (test_return_type_record('["value", 4]')).*;
 first | second 
-------+--------
 value |      4
(1 row)

SELECT (test_return_type_record('["value", 4]')).*
FROM gp_single_row;
 first | second 
-------+--------
 value |      4
(1 row)

-- From Python Dictionary
SELECT test_return_type_record('{"first": "value", "second": 4}');
 test_return_type_record 
-------------------------
 (value,4)
(1 row)

SELECT * FROM test_return_type_record('{"first": "value", "second": 4}');
 first | second 
-------+--------
 value |      4
(1 row)

SELECT test_return_type_record('{"first": "value", "second": 4}')
FROM gp_single_row;
 test_return_type_record 
-------------------------
 (value,4)
(1 row)

SELECT (test_return_type_record('{"first": "value", "second": 4}')).*;
 first | second 
-------+--------
 value |      4
(1 row)

SELECT (test_return_type_record('{"first": "value", "second": 4}')).*
FROM gp_single_row;
 first | second 
-------+--------
 value |      4
(1 row)

-- Error conditions
-- [ERROR] From Python bool
SELECT test_return_type_record('True');
ERROR:  attribute "first" does not exist in Python object
HINT:  To return null in a column, let the returned object have an attribute named after column with value None.
CONTEXT:  while creating return value
PL/Python function "test_return_type_record"
SELECT * FROM test_return_type_record('True');
ERROR:  attribute "first" does not exist in Python object
HINT:  To return null in a column, let the returned object have an attribute named after column with value None.
CONTEXT:  while creating return value
PL/Python function "test_return_type_record"
-- [ERROR] From Python empty string
SELECT test_return_type_record('""');
ERROR:  length of returned sequence did not match number of columns in row
CONTEXT:  while creating return value
PL/Python function "test_return_type_record"
SELECT * FROM test_return_type_record('""');
ERROR:  length of returned sequence did not match number of columns in row
CONTEXT:  while creating return value
PL/Python function "test_return_type_record"
-- [ERROR] From Python string
SELECT test_return_type_record('"value"');
ERROR:  length of returned sequence did not match number of columns in row
CONTEXT:  while creating return value
PL/Python function "test_return_type_record"
SELECT * FROM test_return_type_record('"value"');
ERROR:  length of returned sequence did not match number of columns in row
CONTEXT:  while creating return value
PL/Python function "test_return_type_record"
-- [ERROR] From Python non-empty list, wrong number of columns
SELECT test_return_type_record('[False]');
ERROR:  length of returned sequence did not match number of columns in row
CONTEXT:  while creating return value
PL/Python function "test_return_type_record"
SELECT * FROM test_return_type_record('[False]');
ERROR:  length of returned sequence did not match number of columns in row
CONTEXT:  while creating return value
PL/Python function "test_return_type_record"
-- [ERROR] From Python non-empty list, wrong datatypes
SELECT test_return_type_record('[4, "value"]');
ERROR:  invalid input syntax for integer: "value"
CONTEXT:  while creating return value
PL/Python function "test_return_type_record"
SELECT * FROM test_return_type_record('[4, "value"]');
ERROR:  invalid input syntax for integer: "value"
CONTEXT:  while creating return value
PL/Python function "test_return_type_record"
-- [ERROR] From Python empty dict
SELECT test_return_type_record('{}');
ERROR:  key "first" not found in mapping
HINT:  To return null in a column, add the value None to the mapping with the key named after the column.
CONTEXT:  while creating return value
PL/Python function "test_return_type_record"
SELECT * FROM test_return_type_record('{}');
ERROR:  key "first" not found in mapping
HINT:  To return null in a column, add the value None to the mapping with the key named after the column.
CONTEXT:  while creating return value
PL/Python function "test_return_type_record"
-- [ERROR] From Python without the needed columns
SELECT test_return_type_record('{None: None}');
ERROR:  key "first" not found in mapping
HINT:  To return null in a column, add the value None to the mapping with the key named after the column.
CONTEXT:  while creating return value
PL/Python function "test_return_type_record"
SELECT * FROM test_return_type_record('{None: None}');
ERROR:  key "first" not found in mapping
HINT:  To return null in a column, add the value None to the mapping with the key named after the column.
CONTEXT:  while creating return value
PL/Python function "test_return_type_record"
-- Questionable Success conditions
--  From Python String (one character per column)
SELECT test_return_type_record('"a4"');
 test_return_type_record 
-------------------------
 (a,4)
(1 row)

SELECT * FROM test_return_type_record('"a4"');
 first | second 
-------+--------
 a     |      4
(1 row)

-- From Python Dictionary, with extra fields
SELECT test_return_type_record('{"first": "value", "second": 4, "third": "ignored"}');
 test_return_type_record 
-------------------------
 (value,4)
(1 row)

SELECT * FROM test_return_type_record('{"first": "value", "second": 4, "third": "ignored"}');
 first | second 
-------+--------
 value |      4
(1 row)

--
-- Case 2: From a Table Type
--
-- From Python None
SELECT test_return_table_record('None');
 test_return_table_record 
--------------------------
 
(1 row)

SELECT * FROM test_return_table_record('None');
 first | second 
-------+--------
       |       
(1 row)

SELECT test_return_table_record('None') 
FROM gp_single_row;
 test_return_table_record 
--------------------------
 
(1 row)

SELECT (test_return_table_record('None')).*;
 first | second 
-------+--------
       |       
(1 row)

SELECT (test_return_table_record('None')).*
FROM gp_single_row;
 first | second 
-------+--------
       |       
(1 row)

-- From Python List
SELECT test_return_table_record('("value", 4)');
 test_return_table_record 
--------------------------
 (value,4)
(1 row)

SELECT * FROM test_return_table_record('("value", 4)');
 first | second 
-------+--------
 value |      4
(1 row)

SELECT test_return_table_record('("value", 4)')
FROM gp_single_row;
 test_return_table_record 
--------------------------
 (value,4)
(1 row)

SELECT (test_return_table_record('("value", 4)')).*;
 first | second 
-------+--------
 value |      4
(1 row)

SELECT (test_return_table_record('("value", 4)')).*
FROM gp_single_row;
 first | second 
-------+--------
 value |      4
(1 row)

-- From Python Tuple
SELECT test_return_table_record('["value", 4]');
 test_return_table_record 
--------------------------
 (value,4)
(1 row)

SELECT * FROM test_return_table_record('["value", 4]');
 first | second 
-------+--------
 value |      4
(1 row)

SELECT test_return_table_record('["value", 4]')
FROM gp_single_row;
 test_return_table_record 
--------------------------
 (value,4)
(1 row)

SELECT (test_return_table_record('["value", 4]')).*;
 first | second 
-------+--------
 value |      4
(1 row)

SELECT (test_return_table_record('["value", 4]')).*
FROM gp_single_row;
 first | second 
-------+--------
 value |      4
(1 row)

-- From Python Dictionary
SELECT test_return_table_record('{"first": "value", "second": 4}');
 test_return_table_record 
--------------------------
 (value,4)
(1 row)

SELECT * FROM test_return_table_record('{"first": "value", "second": 4}');
 first | second 
-------+--------
 value |      4
(1 row)

SELECT test_return_table_record('{"first": "value", "second": 4}')
FROM gp_single_row;
 test_return_table_record 
--------------------------
 (value,4)
(1 row)

SELECT (test_return_table_record('{"first": "value", "second": 4}')).*;
 first | second 
-------+--------
 value |      4
(1 row)

SELECT (test_return_table_record('{"first": "value", "second": 4}')).*
FROM gp_single_row;
 first | second 
-------+--------
 value |      4
(1 row)

-- Error conditions
-- [ERROR] From Python bool
SELECT test_return_table_record('True');
ERROR:  attribute "first" does not exist in Python object
HINT:  To return null in a column, let the returned object have an attribute named after column with value None.
CONTEXT:  while creating return value
PL/Python function "test_return_table_record"
SELECT * FROM test_return_table_record('True');
ERROR:  attribute "first" does not exist in Python object
HINT:  To return null in a column, let the returned object have an attribute named after column with value None.
CONTEXT:  while creating return value
PL/Python function "test_return_table_record"
-- [ERROR] From Python empty string
SELECT test_return_table_record('""');
ERROR:  length of returned sequence did not match number of columns in row
CONTEXT:  while creating return value
PL/Python function "test_return_table_record"
SELECT * FROM test_return_table_record('""');
ERROR:  length of returned sequence did not match number of columns in row
CONTEXT:  while creating return value
PL/Python function "test_return_table_record"
-- [ERROR] From Python string
SELECT test_return_table_record('"value"');
ERROR:  length of returned sequence did not match number of columns in row
CONTEXT:  while creating return value
PL/Python function "test_return_table_record"
SELECT * FROM test_return_table_record('"value"');
ERROR:  length of returned sequence did not match number of columns in row
CONTEXT:  while creating return value
PL/Python function "test_return_table_record"
-- [ERROR] From Python non-empty list, wrong number of columns
SELECT test_return_table_record('[False]');
ERROR:  length of returned sequence did not match number of columns in row
CONTEXT:  while creating return value
PL/Python function "test_return_table_record"
SELECT * FROM test_return_table_record('[False]');
ERROR:  length of returned sequence did not match number of columns in row
CONTEXT:  while creating return value
PL/Python function "test_return_table_record"
-- [ERROR] From Python non-empty list, wrong datatypes
SELECT test_return_table_record('[4, "value"]');
ERROR:  invalid input syntax for integer: "value"
CONTEXT:  while creating return value
PL/Python function "test_return_table_record"
SELECT * FROM test_return_table_record('[4, "value"]');
ERROR:  invalid input syntax for integer: "value"
CONTEXT:  while creating return value
PL/Python function "test_return_table_record"
-- [ERROR] From Python empty dict
SELECT test_return_table_record('{}');
ERROR:  key "first" not found in mapping
HINT:  To return null in a column, add the value None to the mapping with the key named after the column.
CONTEXT:  while creating return value
PL/Python function "test_return_table_record"
SELECT * FROM test_return_table_record('{}');
ERROR:  key "first" not found in mapping
HINT:  To return null in a column, add the value None to the mapping with the key named after the column.
CONTEXT:  while creating return value
PL/Python function "test_return_table_record"
-- [ERROR] From Python without the needed columns
SELECT test_return_table_record('{None: None}');
ERROR:  key "first" not found in mapping
HINT:  To return null in a column, add the value None to the mapping with the key named after the column.
CONTEXT:  while creating return value
PL/Python function "test_return_table_record"
SELECT * FROM test_return_table_record('{None: None}');
ERROR:  key "first" not found in mapping
HINT:  To return null in a column, add the value None to the mapping with the key named after the column.
CONTEXT:  while creating return value
PL/Python function "test_return_table_record"
-- Questionable Success conditions
--  From Python String (one character per column)
SELECT test_return_table_record('"a4"');
 test_return_table_record 
--------------------------
 (a,4)
(1 row)

SELECT * FROM test_return_table_record('"a4"');
 first | second 
-------+--------
 a     |      4
(1 row)

-- From Python Dictionary, with extra fields
SELECT test_return_table_record('{"first": "value", "second": 4, "third": "ignored"}');
 test_return_table_record 
--------------------------
 (value,4)
(1 row)

SELECT * FROM test_return_table_record('{"first": "value", "second": 4}, "third": "ignored"}');
ERROR:  SyntaxError: invalid syntax (<string>, line 1) (plpython.c:4699)
CONTEXT:  Traceback (most recent call last):
  PL/Python function "test_return_table_record", line 2, in <module>
    exec('y = ' + s)
PL/Python function "test_return_table_record"
-- =====================================================
-- TEST 4:  RETURN VALUE TESTING - SETOF Compound values
-- =====================================================
-- The test for the scalar Compound values also need to be tested with SETOF 
-- since this goes through a different codepath.
--
-- In this case the returned Python Object is converted into an iterator object
-- and each value of the resulting iterator is returned as a row matching the
-- return datatype
--
-- Case 1: From a User Defined Type
--
-- From Python empty list
SELECT test_return_setof_type_record('[]');
ERROR:  length of returned sequence did not match number of columns in row
CONTEXT:  while creating return value
PL/Python function "test_return_setof_type_record"
SELECT * FROM test_return_setof_type_record('[]');
ERROR:  length of returned sequence did not match number of columns in row
CONTEXT:  while creating return value
PL/Python function "test_return_setof_type_record"
SELECT test_return_setof_type_record('[]')
FROM gp_single_row;
ERROR:  length of returned sequence did not match number of columns in row  (seg0 slice1 gxymac.local:40000 pid=35336)
DETAIL:  
	 while creating return value
PL/Python function "test_return_setof_type_record"
SELECT (test_return_setof_type_record('[]')).*;
ERROR:  length of returned sequence did not match number of columns in row
CONTEXT:  while creating return value
PL/Python function "test_return_setof_type_record"
SELECT (test_return_setof_type_record('[]')).*
FROM gp_single_row;
ERROR:  length of returned sequence did not match number of columns in row  (seg0 slice1 gxymac.local:40000 pid=35336)
DETAIL:  
	 while creating return value
PL/Python function "test_return_setof_type_record"
-- From Python List
SELECT test_return_setof_type_record('[ ("value", 4), {"first": "test", "second": 2} ]');
ERROR:  invalid input syntax for integer: "{'second': 2, 'first': 'test'}"
CONTEXT:  while creating return value
PL/Python function "test_return_setof_type_record"
SELECT * FROM test_return_setof_type_record('[ None, ("value", 4), {"first": "test", "second": 2} ]');
ERROR:  length of returned sequence did not match number of columns in row
CONTEXT:  while creating return value
PL/Python function "test_return_setof_type_record"
SELECT test_return_setof_type_record('[ ("value", 4), {"first": "test", "second": 2} ]')
FROM gp_single_row;
ERROR:  invalid input syntax for integer: "{'second': 2, 'first': 'test'}"  (seg0 slice1 gxymac.local:40000 pid=35336)
DETAIL:  
	 while creating return value
PL/Python function "test_return_setof_type_record"
SELECT (test_return_setof_type_record('[ ("value", 4), {"first": "test", "second": 2} ]')).*;
ERROR:  invalid input syntax for integer: "{'second': 2, 'first': 'test'}"
CONTEXT:  while creating return value
PL/Python function "test_return_setof_type_record"
SELECT (test_return_setof_type_record('[ ("value", 4), {"first": "test", "second": 2} ]')).*
FROM gp_single_row;
ERROR:  invalid input syntax for integer: "{'second': 2, 'first': 'test'}"  (seg0 slice1 gxymac.local:40000 pid=35336)
DETAIL:  
	 while creating return value
PL/Python function "test_return_setof_type_record"
-- Error conditions
-- [ERROR] From Python None
SELECT test_return_setof_type_record('None');
 test_return_setof_type_record 
-------------------------------
 
(1 row)

SELECT * FROM test_return_setof_type_record('None');
 first | second 
-------+--------
       |       
(1 row)

-- [ERROR] From Python bool
SELECT test_return_setof_type_record('True');
ERROR:  attribute "first" does not exist in Python object
HINT:  To return null in a column, let the returned object have an attribute named after column with value None.
CONTEXT:  while creating return value
PL/Python function "test_return_setof_type_record"
SELECT * FROM test_return_setof_type_record('True');
ERROR:  attribute "first" does not exist in Python object
HINT:  To return null in a column, let the returned object have an attribute named after column with value None.
CONTEXT:  while creating return value
PL/Python function "test_return_setof_type_record"
-- [ERROR] From Python string
SELECT test_return_setof_type_record('"value"');
ERROR:  length of returned sequence did not match number of columns in row
CONTEXT:  while creating return value
PL/Python function "test_return_setof_type_record"
SELECT * FROM test_return_setof_type_record('"value"');
ERROR:  length of returned sequence did not match number of columns in row
CONTEXT:  while creating return value
PL/Python function "test_return_setof_type_record"
-- [ERROR] From Python List
SELECT test_return_setof_type_record('("value", 4)');
 test_return_setof_type_record 
-------------------------------
 (value,4)
(1 row)

SELECT * FROM test_return_setof_type_record('("value", 4)');
 first | second 
-------+--------
 value |      4
(1 row)

-- [ERROR] From Python non-empty list, wrong number of columns
SELECT test_return_setof_type_record('[ [False] ]');
ERROR:  length of returned sequence did not match number of columns in row
CONTEXT:  while creating return value
PL/Python function "test_return_setof_type_record"
SELECT * FROM test_return_setof_type_record('[ [False] ]');
ERROR:  length of returned sequence did not match number of columns in row
CONTEXT:  while creating return value
PL/Python function "test_return_setof_type_record"
-- [ERROR] From Python non-empty list, wrong datatypes
SELECT test_return_setof_type_record('[ [4, "value"] ]');
ERROR:  length of returned sequence did not match number of columns in row
CONTEXT:  while creating return value
PL/Python function "test_return_setof_type_record"
SELECT * FROM test_return_setof_type_record('[ [4, "value"] ]');
ERROR:  length of returned sequence did not match number of columns in row
CONTEXT:  while creating return value
PL/Python function "test_return_setof_type_record"
-- [ERROR] From Python non-empty list, cointaining None
SELECT test_return_setof_type_record('[None]');
ERROR:  length of returned sequence did not match number of columns in row
CONTEXT:  while creating return value
PL/Python function "test_return_setof_type_record"
SELECT * FROM test_return_setof_type_record('[None]');
ERROR:  length of returned sequence did not match number of columns in row
CONTEXT:  while creating return value
PL/Python function "test_return_setof_type_record"
-- [ERROR] From Python dict without the needed columns
SELECT test_return_setof_type_record('[ {None: None} ]');
ERROR:  length of returned sequence did not match number of columns in row
CONTEXT:  while creating return value
PL/Python function "test_return_setof_type_record"
SELECT * FROM test_return_setof_type_record('[ {None: None} ]');
ERROR:  length of returned sequence did not match number of columns in row
CONTEXT:  while creating return value
PL/Python function "test_return_setof_type_record"
-- [ERROR] From Python List of String (one character per column)
SELECT test_return_setof_type_record('["a4"]');
ERROR:  length of returned sequence did not match number of columns in row
CONTEXT:  while creating return value
PL/Python function "test_return_setof_type_record"
SELECT * FROM test_return_setof_type_record('["a4"]');
ERROR:  length of returned sequence did not match number of columns in row
CONTEXT:  while creating return value
PL/Python function "test_return_setof_type_record"
-- Questionable Success conditions
-- From Python empty string
SELECT test_return_setof_type_record('""');
ERROR:  length of returned sequence did not match number of columns in row
CONTEXT:  while creating return value
PL/Python function "test_return_setof_type_record"
SELECT * FROM test_return_setof_type_record('""');
ERROR:  length of returned sequence did not match number of columns in row
CONTEXT:  while creating return value
PL/Python function "test_return_setof_type_record"
-- From Python empty dict
SELECT test_return_setof_type_record('{}');
ERROR:  key "first" not found in mapping
HINT:  To return null in a column, add the value None to the mapping with the key named after the column.
CONTEXT:  while creating return value
PL/Python function "test_return_setof_type_record"
SELECT * FROM test_return_setof_type_record('{}');
ERROR:  key "first" not found in mapping
HINT:  To return null in a column, add the value None to the mapping with the key named after the column.
CONTEXT:  while creating return value
PL/Python function "test_return_setof_type_record"
-- From Python Dictionary, with extra fields
SELECT test_return_setof_type_record('[{"first": "value", "second": 4, "third": "ignored"}]');
ERROR:  length of returned sequence did not match number of columns in row
CONTEXT:  while creating return value
PL/Python function "test_return_setof_type_record"
SELECT * FROM test_return_setof_type_record('[{"first": "value", "second": 4}, "third": "ignored"}]');
ERROR:  SyntaxError: invalid syntax (<string>, line 1) (plpython.c:4699)
CONTEXT:  Traceback (most recent call last):
  PL/Python function "test_return_setof_type_record", line 2, in <module>
    exec('y = ' + s)
PL/Python function "test_return_setof_type_record"
--
-- Case 2: From a setof Table Type
--
-- From Python empty list
SELECT test_return_setof_table_record('[]');
ERROR:  length of returned sequence did not match number of columns in row
CONTEXT:  while creating return value
PL/Python function "test_return_setof_table_record"
SELECT * FROM test_return_setof_table_record('[]');
ERROR:  length of returned sequence did not match number of columns in row
CONTEXT:  while creating return value
PL/Python function "test_return_setof_table_record"
SELECT test_return_setof_table_record('[]')
FROM gp_single_row;
ERROR:  length of returned sequence did not match number of columns in row  (seg0 slice1 gxymac.local:40000 pid=35336)
DETAIL:  
	 while creating return value
PL/Python function "test_return_setof_table_record"
SELECT (test_return_setof_table_record('[]')).*;
ERROR:  length of returned sequence did not match number of columns in row
CONTEXT:  while creating return value
PL/Python function "test_return_setof_table_record"
SELECT (test_return_setof_table_record('[]')).*
FROM gp_single_row;
ERROR:  length of returned sequence did not match number of columns in row  (seg0 slice1 gxymac.local:40000 pid=35336)
DETAIL:  
	 while creating return value
PL/Python function "test_return_setof_table_record"
-- From Python List
SELECT test_return_setof_table_record('[ None, ("value", 4), {"first": "test", "second": 2} ]');
ERROR:  length of returned sequence did not match number of columns in row
CONTEXT:  while creating return value
PL/Python function "test_return_setof_table_record"
SELECT * FROM test_return_setof_table_record('[ None, ("value", 4), {"first": "test", "second": 2} ]');
ERROR:  length of returned sequence did not match number of columns in row
CONTEXT:  while creating return value
PL/Python function "test_return_setof_table_record"
SELECT test_return_setof_table_record('[ None, ("value", 4), {"first": "test", "second": 2} ]')
FROM gp_single_row;
ERROR:  length of returned sequence did not match number of columns in row  (seg0 slice1 gxymac.local:40000 pid=35336)
DETAIL:  
	 while creating return value
PL/Python function "test_return_setof_table_record"
SELECT (test_return_setof_table_record('[ None, ("value", 4), {"first": "test", "second": 2} ]')).*;
ERROR:  length of returned sequence did not match number of columns in row
CONTEXT:  while creating return value
PL/Python function "test_return_setof_table_record"
SELECT (test_return_setof_table_record('[ None, ("value", 4), {"first": "test", "second": 2} ]')).*
FROM gp_single_row;
ERROR:  length of returned sequence did not match number of columns in row  (seg0 slice1 gxymac.local:40000 pid=35336)
DETAIL:  
	 while creating return value
PL/Python function "test_return_setof_table_record"
-- Error conditions
-- [ERROR] From Python None
SELECT test_return_setof_table_record('None');
 test_return_setof_table_record 
--------------------------------
 
(1 row)

SELECT * FROM test_return_setof_table_record('None');
 first | second 
-------+--------
       |       
(1 row)

-- [ERROR] From Python bool
SELECT test_return_setof_table_record('True');
ERROR:  attribute "first" does not exist in Python object
HINT:  To return null in a column, let the returned object have an attribute named after column with value None.
CONTEXT:  while creating return value
PL/Python function "test_return_setof_table_record"
SELECT * FROM test_return_setof_table_record('True');
ERROR:  attribute "first" does not exist in Python object
HINT:  To return null in a column, let the returned object have an attribute named after column with value None.
CONTEXT:  while creating return value
PL/Python function "test_return_setof_table_record"
-- [ERROR] From Python string
SELECT test_return_setof_table_record('"value"');
ERROR:  length of returned sequence did not match number of columns in row
CONTEXT:  while creating return value
PL/Python function "test_return_setof_table_record"
SELECT * FROM test_return_setof_table_record('"value"');
ERROR:  length of returned sequence did not match number of columns in row
CONTEXT:  while creating return value
PL/Python function "test_return_setof_table_record"
-- [ERROR] From Python List
SELECT test_return_setof_table_record('("value", 4)');
 test_return_setof_table_record 
--------------------------------
 (value,4)
(1 row)

SELECT * FROM test_return_setof_table_record('("value", 4)');
 first | second 
-------+--------
 value |      4
(1 row)

-- [ERROR] From Python non-empty list, wrong number of columns
SELECT test_return_setof_table_record('[ [False] ]');
ERROR:  length of returned sequence did not match number of columns in row
CONTEXT:  while creating return value
PL/Python function "test_return_setof_table_record"
SELECT * FROM test_return_setof_table_record('[ [False] ]');
ERROR:  length of returned sequence did not match number of columns in row
CONTEXT:  while creating return value
PL/Python function "test_return_setof_table_record"
-- [ERROR] From Python non-empty list, wrong datatypes
SELECT test_return_setof_table_record('[ [4, "value"] ]');
ERROR:  length of returned sequence did not match number of columns in row
CONTEXT:  while creating return value
PL/Python function "test_return_setof_table_record"
SELECT * FROM test_return_setof_table_record('[ [4, "value"] ]');
ERROR:  length of returned sequence did not match number of columns in row
CONTEXT:  while creating return value
PL/Python function "test_return_setof_table_record"
-- [ERROR] From Python non-empty list, cointaining None
SELECT test_return_setof_table_record('[None]');
ERROR:  length of returned sequence did not match number of columns in row
CONTEXT:  while creating return value
PL/Python function "test_return_setof_table_record"
SELECT * FROM test_return_setof_table_record('[None]');
ERROR:  length of returned sequence did not match number of columns in row
CONTEXT:  while creating return value
PL/Python function "test_return_setof_table_record"
-- [ERROR] From Python dict without the needed columns
SELECT test_return_setof_table_record('[ {None: None} ]');
ERROR:  length of returned sequence did not match number of columns in row
CONTEXT:  while creating return value
PL/Python function "test_return_setof_table_record"
SELECT * FROM test_return_setof_table_record('[ {None: None} ]');
ERROR:  length of returned sequence did not match number of columns in row
CONTEXT:  while creating return value
PL/Python function "test_return_setof_table_record"
-- [ERROR] From Python List of String (one character per column)
SELECT test_return_setof_table_record('["a4"]');
ERROR:  length of returned sequence did not match number of columns in row
CONTEXT:  while creating return value
PL/Python function "test_return_setof_table_record"
SELECT * FROM test_return_setof_table_record('["a4"]');
ERROR:  length of returned sequence did not match number of columns in row
CONTEXT:  while creating return value
PL/Python function "test_return_setof_table_record"
-- Questionable Success conditions
-- From Python empty string
SELECT test_return_setof_table_record('""');
ERROR:  length of returned sequence did not match number of columns in row
CONTEXT:  while creating return value
PL/Python function "test_return_setof_table_record"
SELECT * FROM test_return_setof_table_record('""');
ERROR:  length of returned sequence did not match number of columns in row
CONTEXT:  while creating return value
PL/Python function "test_return_setof_table_record"
-- From Python empty dict
SELECT test_return_setof_table_record('{}');
ERROR:  key "first" not found in mapping
HINT:  To return null in a column, add the value None to the mapping with the key named after the column.
CONTEXT:  while creating return value
PL/Python function "test_return_setof_table_record"
SELECT * FROM test_return_setof_table_record('{}');
ERROR:  key "first" not found in mapping
HINT:  To return null in a column, add the value None to the mapping with the key named after the column.
CONTEXT:  while creating return value
PL/Python function "test_return_setof_table_record"
-- From Python Dictionary, with extra fields
SELECT test_return_setof_table_record('[{"first": "value", "second": 4, "third": "ignored"}]');
ERROR:  length of returned sequence did not match number of columns in row
CONTEXT:  while creating return value
PL/Python function "test_return_setof_table_record"
SELECT * FROM test_return_setof_table_record('[{"first": "value", "second": 4}, "third": "ignored"}]');
ERROR:  SyntaxError: invalid syntax (<string>, line 1) (plpython.c:4699)
CONTEXT:  Traceback (most recent call last):
  PL/Python function "test_return_setof_table_record", line 2, in <module>
    exec('y = ' + s)
PL/Python function "test_return_setof_table_record"
-- =====================================================
-- TEST 5:  RETURN VALUE TESTING - OUT Parameters
-- =====================================================
--
-- Case 1: RETURNS SCALAR OUT Parameters
--
-- From Python None
SELECT test_return_out_text('None');
 test_return_out_text 
----------------------
 
(1 row)

SELECT * FROM test_return_out_text('None');
 test_return_out_text 
----------------------
 
(1 row)

SELECT test_return_out_text('None') 
FROM gp_single_row;
 test_return_out_text 
----------------------
 
(1 row)

-- From Python bool
SELECT test_return_out_text('True');
 test_return_out_text 
----------------------
 True
(1 row)

SELECT * FROM test_return_out_text('True');
 test_return_out_text 
----------------------
 True
(1 row)

SELECT test_return_out_text('True') 
FROM gp_single_row;
 test_return_out_text 
----------------------
 True
(1 row)

-- From Python empty string
SELECT test_return_out_text('""');
 test_return_out_text 
----------------------
 
(1 row)

SELECT * FROM test_return_out_text('""');
 test_return_out_text 
----------------------
 
(1 row)

SELECT test_return_out_text('""') 
FROM gp_single_row;
 test_return_out_text 
----------------------
 
(1 row)

-- From Python string
SELECT test_return_out_text('"value"');
 test_return_out_text 
----------------------
 value
(1 row)

SELECT * FROM test_return_out_text('"value"');
 test_return_out_text 
----------------------
 value
(1 row)

SELECT test_return_out_text('"value"') 
FROM gp_single_row;
 test_return_out_text 
----------------------
 value
(1 row)

-- From Python empty list
SELECT test_return_out_text('[]');
 test_return_out_text 
----------------------
 []
(1 row)

SELECT * FROM test_return_out_text('[]');
 test_return_out_text 
----------------------
 []
(1 row)

SELECT test_return_out_text('[]') 
FROM gp_single_row;
 test_return_out_text 
----------------------
 []
(1 row)

-- From Python non-empty list
SELECT test_return_out_text('[False]');
 test_return_out_text 
----------------------
 [False]
(1 row)

SELECT * FROM test_return_out_text('[False]');
 test_return_out_text 
----------------------
 [False]
(1 row)

SELECT test_return_out_text('[False]') 
FROM gp_single_row;
 test_return_out_text 
----------------------
 [False]
(1 row)

-- From Python empty dict
SELECT test_return_out_text('{}');
 test_return_out_text 
----------------------
 {}
(1 row)

SELECT * FROM test_return_out_text('{}');
 test_return_out_text 
----------------------
 {}
(1 row)

SELECT test_return_out_text('{}') 
FROM gp_single_row;
 test_return_out_text 
----------------------
 {}
(1 row)

-- From Python non-empty dict
SELECT test_return_out_text('{None: None}');
 test_return_out_text 
----------------------
 {None: None}
(1 row)

SELECT * FROM test_return_out_text('{None: None}');
 test_return_out_text 
----------------------
 {None: None}
(1 row)

SELECT test_return_out_text('{None: None}') 
FROM gp_single_row;
 test_return_out_text 
----------------------
 {None: None}
(1 row)

-- From Python Object with str() function
SELECT test_return_out_text(
    E'1; exec("class Foo:\\n  def __str__(self): return \\"test\\""); y = Foo()'
);
 test_return_out_text 
----------------------
 test
(1 row)

SELECT * FROM test_return_out_text(
    E'1; exec("class Foo:\\n  def __str__(self): return \\"test\\""); y = Foo()'
);
 test_return_out_text 
----------------------
 test
(1 row)

SELECT test_return_out_text(
    E'1; exec("class Foo:\\n  def __str__(self): return \\"test\\""); y = Foo()'
) FROM gp_single_row;
 test_return_out_text 
----------------------
 test
(1 row)

-- Error conditions:
--   There are two ways that a "text" return can fail:
--     a) There isn't a __str__ function for the returned object
--     b) The returned string contains null characters (valid in Python)
-- [ERROR] From Python String with null characters
SELECT test_return_out_text(E'"test\\0"');
ERROR:  could not convert Python object into cstring: Python string representation appears to contain null bytes
CONTEXT:  while creating return value
PL/Python function "test_return_out_text"
SELECT * FROM test_return_out_text(E'"test\\0"');
ERROR:  could not convert Python object into cstring: Python string representation appears to contain null bytes
CONTEXT:  while creating return value
PL/Python function "test_return_out_text"
-- [ERROR] From Python Object with bad str() function
SELECT test_return_out_text(
    E'1; exec("class Foo:\\n  def __str__(self): return None"); y = Foo()'
);
ERROR:  could not create string representation of Python object (plpython.c:4699)
DETAIL:  TypeError: __str__ returned non-string (type NoneType)
CONTEXT:  while creating return value
PL/Python function "test_return_out_text"
SELECT * FROM test_return_out_text(
    E'1; exec("class Foo:\\n  def __str__(self): return None"); y = Foo()'
);
ERROR:  could not create string representation of Python object (plpython.c:4699)
DETAIL:  TypeError: __str__ returned non-string (type NoneType)
CONTEXT:  while creating return value
PL/Python function "test_return_out_text"
--
-- Case 2: RETURNS RECORD
--
-- From Python None
SELECT test_return_out_record('None');
 test_return_out_record 
------------------------
 
(1 row)

SELECT * FROM test_return_out_record('None');
 first | second 
-------+--------
       |       
(1 row)

SELECT test_return_out_record('None') 
FROM gp_single_row;
ERROR:  Can't serialize transient record types (tupser.c:165)
SELECT (test_return_out_record('None')).*;
 first | second 
-------+--------
       |       
(1 row)

SELECT (test_return_out_record('None')).*
FROM gp_single_row;
 first | second 
-------+--------
       |       
(1 row)

-- From Python List
SELECT test_return_out_record('("value", 4)');
 test_return_out_record 
------------------------
 (value,4)
(1 row)

SELECT * FROM test_return_out_record('("value", 4)');
 first | second 
-------+--------
 value |      4
(1 row)

SELECT test_return_out_record('("value", 4)')
FROM gp_single_row;
ERROR:  Can't serialize transient record types (tupser.c:165)
SELECT (test_return_out_record('("value", 4)')).*;
 first | second 
-------+--------
 value |      4
(1 row)

SELECT (test_return_out_record('("value", 4)')).*
FROM gp_single_row;
 first | second 
-------+--------
 value |      4
(1 row)

-- From Python Tuple
SELECT test_return_out_record('["value", 4]');
 test_return_out_record 
------------------------
 (value,4)
(1 row)

SELECT * FROM test_return_out_record('["value", 4]');
 first | second 
-------+--------
 value |      4
(1 row)

SELECT test_return_out_record('["value", 4]')
FROM gp_single_row;
ERROR:  Can't serialize transient record types (tupser.c:165)
SELECT (test_return_out_record('["value", 4]')).*;
 first | second 
-------+--------
 value |      4
(1 row)

SELECT (test_return_out_record('["value", 4]')).*
FROM gp_single_row;
 first | second 
-------+--------
 value |      4
(1 row)

-- From Python Dictionary
SELECT test_return_out_record('{"first": "value", "second": 4}');
 test_return_out_record 
------------------------
 (value,4)
(1 row)

SELECT * FROM test_return_out_record('{"first": "value", "second": 4}');
 first | second 
-------+--------
 value |      4
(1 row)

SELECT test_return_out_record('{"first": "value", "second": 4}')
FROM gp_single_row;
ERROR:  Can't serialize transient record types (tupser.c:165)
SELECT (test_return_out_record('{"first": "value", "second": 4}')).*;
 first | second 
-------+--------
 value |      4
(1 row)

SELECT (test_return_out_record('{"first": "value", "second": 4}')).*
FROM gp_single_row;
 first | second 
-------+--------
 value |      4
(1 row)

-- Error conditions
-- [ERROR] From Python bool
SELECT test_return_out_record('True');
ERROR:  attribute "first" does not exist in Python object
HINT:  To return null in a column, let the returned object have an attribute named after column with value None.
CONTEXT:  while creating return value
PL/Python function "test_return_out_record"
SELECT * FROM test_return_out_record('True');
ERROR:  attribute "first" does not exist in Python object
HINT:  To return null in a column, let the returned object have an attribute named after column with value None.
CONTEXT:  while creating return value
PL/Python function "test_return_out_record"
-- [ERROR] From Python empty string
SELECT test_return_out_record('""');
ERROR:  length of returned sequence did not match number of columns in row
CONTEXT:  while creating return value
PL/Python function "test_return_out_record"
SELECT * FROM test_return_out_record('""');
ERROR:  length of returned sequence did not match number of columns in row
CONTEXT:  while creating return value
PL/Python function "test_return_out_record"
-- [ERROR] From Python string
SELECT test_return_out_record('"value"');
ERROR:  length of returned sequence did not match number of columns in row
CONTEXT:  while creating return value
PL/Python function "test_return_out_record"
SELECT * FROM test_return_out_record('"value"');
ERROR:  length of returned sequence did not match number of columns in row
CONTEXT:  while creating return value
PL/Python function "test_return_out_record"
-- [ERROR] From Python non-empty list, wrong number of columns
SELECT test_return_out_record('[False]');
ERROR:  length of returned sequence did not match number of columns in row
CONTEXT:  while creating return value
PL/Python function "test_return_out_record"
SELECT * FROM test_return_out_record('[False]');
ERROR:  length of returned sequence did not match number of columns in row
CONTEXT:  while creating return value
PL/Python function "test_return_out_record"
-- [ERROR] From Python non-empty list, wrong datatypes
SELECT test_return_out_record('[4, "value"]');
ERROR:  invalid input syntax for integer: "value"
CONTEXT:  while creating return value
PL/Python function "test_return_out_record"
SELECT * FROM test_return_out_record('[4, "value"]');
ERROR:  invalid input syntax for integer: "value"
CONTEXT:  while creating return value
PL/Python function "test_return_out_record"
-- [ERROR] From Python empty dict
SELECT test_return_out_record('{}');
ERROR:  key "first" not found in mapping
HINT:  To return null in a column, add the value None to the mapping with the key named after the column.
CONTEXT:  while creating return value
PL/Python function "test_return_out_record"
SELECT * FROM test_return_out_record('{}');
ERROR:  key "first" not found in mapping
HINT:  To return null in a column, add the value None to the mapping with the key named after the column.
CONTEXT:  while creating return value
PL/Python function "test_return_out_record"
-- [ERROR] From Python without the needed columns
SELECT test_return_out_record('{None: None}');
ERROR:  key "first" not found in mapping
HINT:  To return null in a column, add the value None to the mapping with the key named after the column.
CONTEXT:  while creating return value
PL/Python function "test_return_out_record"
SELECT * FROM test_return_out_record('{None: None}');
ERROR:  key "first" not found in mapping
HINT:  To return null in a column, add the value None to the mapping with the key named after the column.
CONTEXT:  while creating return value
PL/Python function "test_return_out_record"
-- Questionable Success conditions
--  From Python String (one character per column)
SELECT test_return_out_record('"a4"');
 test_return_out_record 
------------------------
 (a,4)
(1 row)

SELECT * FROM test_return_out_record('"a4"');
 first | second 
-------+--------
 a     |      4
(1 row)

-- From Python Dictionary, with extra fields
SELECT test_return_out_record('{"first": "value", "second": 4, "third": "ignored"}');
 test_return_out_record 
------------------------
 (value,4)
(1 row)

SELECT * FROM test_return_out_record('{"first": "value", "second": 4, "third": "ignored"}');
 first | second 
-------+--------
 value |      4
(1 row)

--
-- Case 3: RETURNS SETOF SCALAR
--
-- From Python Empty List
SELECT test_return_out_setof_text('[]');
 test_return_out_setof_text 
----------------------------
(0 rows)

SELECT * FROM test_return_out_setof_text('[]');
 test_return_out_setof_text 
----------------------------
(0 rows)

SELECT test_return_out_setof_text('[]') 
FROM gp_single_row;
 test_return_out_setof_text 
----------------------------
(0 rows)

-- From Python List of values
SELECT test_return_out_setof_text('[None, True, "value", [1], {"A": "B"}]');
 test_return_out_setof_text 
----------------------------
 
 True
 value
 [1]
 {'A': 'B'}
(5 rows)

SELECT * FROM test_return_out_setof_text('[None, True, "value", [1], {"A": "B"}]');
 test_return_out_setof_text 
----------------------------
 
 True
 value
 [1]
 {'A': 'B'}
(5 rows)

SELECT test_return_out_setof_text('[None, True, "value", [1], {"A": "B"}]') 
FROM gp_single_row;
 test_return_out_setof_text 
----------------------------
 
 True
 value
 [1]
 {'A': 'B'}
(5 rows)

-- Error conditions
-- [ERROR] From Python None
SELECT test_return_out_setof_text('None');
ERROR:  returned object cannot be iterated
DETAIL:  PL/Python set-returning functions must return an iterable object.
CONTEXT:  PL/Python function "test_return_out_setof_text"
SELECT * FROM test_return_out_setof_text('None');
ERROR:  returned object cannot be iterated
DETAIL:  PL/Python set-returning functions must return an iterable object.
CONTEXT:  PL/Python function "test_return_out_setof_text"
-- [ERROR] From Python Bool
SELECT test_return_out_setof_text('True');
ERROR:  returned object cannot be iterated
DETAIL:  PL/Python set-returning functions must return an iterable object.
CONTEXT:  PL/Python function "test_return_out_setof_text"
SELECT * FROM test_return_out_setof_text('True');
ERROR:  returned object cannot be iterated
DETAIL:  PL/Python set-returning functions must return an iterable object.
CONTEXT:  PL/Python function "test_return_out_setof_text"
-- [ERROR] From Python string with null values
SELECT test_return_out_setof_text(E'"test\\0"');
ERROR:  could not convert Python object into cstring: Python string representation appears to contain null bytes
CONTEXT:  while creating return value
PL/Python function "test_return_out_setof_text"
SELECT * FROM test_return_out_setof_text(E'"test\\0"');
ERROR:  could not convert Python object into cstring: Python string representation appears to contain null bytes
CONTEXT:  while creating return value
PL/Python function "test_return_out_setof_text"
-- Questionable Success conditions
-- From Python empty string
SELECT test_return_out_setof_text('""');
 test_return_out_setof_text 
----------------------------
(0 rows)

SELECT * FROM test_return_out_setof_text('""');
 test_return_out_setof_text 
----------------------------
(0 rows)

-- From Python empty dictionary
SELECT test_return_out_setof_text('{}');
 test_return_out_setof_text 
----------------------------
(0 rows)

SELECT * FROM test_return_out_setof_text('{}');
 test_return_out_setof_text 
----------------------------
(0 rows)

-- From Python string
SELECT test_return_out_setof_text('"value"');
 test_return_out_setof_text 
----------------------------
 v
 a
 l
 u
 e
(5 rows)

SELECT * FROM test_return_out_setof_text('"value"');
 test_return_out_setof_text 
----------------------------
 v
 a
 l
 u
 e
(5 rows)

-- From Python dictionary 
SELECT test_return_out_setof_text('{True: "ignored", False: "ignored"}');
 test_return_out_setof_text 
----------------------------
 False
 True
(2 rows)

SELECT * FROM test_return_out_setof_text('{True: "ignored", False: "ignored"}');
 test_return_out_setof_text 
----------------------------
 False
 True
(2 rows)

--
-- Case 4: RETURNS SETOF RECORD
--
-- From Python empty list
SELECT test_return_out_setof_record('[]');
 test_return_out_setof_record 
------------------------------
(0 rows)

SELECT * FROM test_return_out_setof_record('[]');
 first | second 
-------+--------
(0 rows)

SELECT test_return_out_setof_record('[]')
FROM gp_single_row;
ERROR:  Can't serialize transient record types (tupser.c:165)
SELECT (test_return_out_setof_record('[]')).*;
 first | second 
-------+--------
(0 rows)

SELECT (test_return_out_setof_record('[]')).*
FROM gp_single_row;
 first | second 
-------+--------
(0 rows)

-- From Python List
SELECT test_return_out_setof_record('[ ("value", 4), {"first": "test", "second": 2} ]');
 test_return_out_setof_record 
------------------------------
 (value,4)
 (test,2)
(2 rows)

SELECT * FROM test_return_out_setof_record('[ ("value", 4), {"first": "test", "second": 2} ]');
 first | second 
-------+--------
 value |      4
 test  |      2
(2 rows)

SELECT test_return_out_setof_record('[ ("value", 4), {"first": "test", "second": 2} ]')
FROM gp_single_row;
ERROR:  Can't serialize transient record types (tupser.c:165)
SELECT (test_return_out_setof_record('[ ("value", 4), {"first": "test", "second": 2} ]')).*;
 first | second 
-------+--------
 value |      4
 test  |      2
(2 rows)

SELECT (test_return_out_setof_record('[ ("value", 4), {"first": "test", "second": 2} ]')).*
FROM gp_single_row;
 first | second 
-------+--------
 value |      4
 test  |      2
(2 rows)

-- Error conditions
-- [ERROR] From Python None
SELECT test_return_out_setof_record('None');
ERROR:  returned object cannot be iterated
DETAIL:  PL/Python set-returning functions must return an iterable object.
CONTEXT:  PL/Python function "test_return_out_setof_record"
SELECT * FROM test_return_out_setof_record('None');
ERROR:  returned object cannot be iterated
DETAIL:  PL/Python set-returning functions must return an iterable object.
CONTEXT:  PL/Python function "test_return_out_setof_record"
-- [ERROR] From Python bool
SELECT test_return_out_setof_record('True');
ERROR:  returned object cannot be iterated
DETAIL:  PL/Python set-returning functions must return an iterable object.
CONTEXT:  PL/Python function "test_return_out_setof_record"
SELECT * FROM test_return_out_setof_record('True');
ERROR:  returned object cannot be iterated
DETAIL:  PL/Python set-returning functions must return an iterable object.
CONTEXT:  PL/Python function "test_return_out_setof_record"
-- [ERROR] From Python string
SELECT test_return_out_setof_record('"value"');
ERROR:  length of returned sequence did not match number of columns in row
CONTEXT:  while creating return value
PL/Python function "test_return_out_setof_record"
SELECT * FROM test_return_out_setof_record('"value"');
ERROR:  length of returned sequence did not match number of columns in row
CONTEXT:  while creating return value
PL/Python function "test_return_out_setof_record"
-- [ERROR] From Python List
SELECT test_return_out_setof_record('("value", 4)');
ERROR:  length of returned sequence did not match number of columns in row
CONTEXT:  while creating return value
PL/Python function "test_return_out_setof_record"
SELECT * FROM test_return_out_setof_record('("value", 4)');
ERROR:  length of returned sequence did not match number of columns in row
CONTEXT:  while creating return value
PL/Python function "test_return_out_setof_record"
-- [ERROR] From Python non-empty list, wrong number of columns
SELECT test_return_out_setof_record('[ [False] ]');
ERROR:  length of returned sequence did not match number of columns in row
CONTEXT:  while creating return value
PL/Python function "test_return_out_setof_record"
SELECT * FROM test_return_out_setof_record('[ [False] ]');
ERROR:  length of returned sequence did not match number of columns in row
CONTEXT:  while creating return value
PL/Python function "test_return_out_setof_record"
-- [ERROR] From Python non-empty list, wrong datatypes
SELECT test_return_out_setof_record('[ [4, "value"] ]');
ERROR:  invalid input syntax for integer: "value"
CONTEXT:  while creating return value
PL/Python function "test_return_out_setof_record"
SELECT * FROM test_return_out_setof_record('[ [4, "value"] ]');
ERROR:  invalid input syntax for integer: "value"
CONTEXT:  while creating return value
PL/Python function "test_return_out_setof_record"
-- [ERROR] From Python non-empty list, containing None
SELECT test_return_out_setof_record('[ None ]');
 test_return_out_setof_record 
------------------------------
 
(1 row)

SELECT * FROM test_return_out_setof_record('[ None ]');
ERROR:  function returning set of rows cannot return null value
-- [ERROR] From Python dict without the needed columns
SELECT test_return_out_setof_record('[ {None: None} ]');
ERROR:  key "first" not found in mapping
HINT:  To return null in a column, add the value None to the mapping with the key named after the column.
CONTEXT:  while creating return value
PL/Python function "test_return_out_setof_record"
SELECT * FROM test_return_out_setof_record('[ {None: None} ]');
ERROR:  key "first" not found in mapping
HINT:  To return null in a column, add the value None to the mapping with the key named after the column.
CONTEXT:  while creating return value
PL/Python function "test_return_out_setof_record"
-- Questionable Success conditions
-- From Python empty string
SELECT test_return_out_setof_record('""');
 test_return_out_setof_record 
------------------------------
(0 rows)

SELECT * FROM test_return_out_setof_record('""');
 first | second 
-------+--------
(0 rows)

-- From Python empty dict
SELECT test_return_out_setof_record('{}');
 test_return_out_setof_record 
------------------------------
(0 rows)

SELECT * FROM test_return_out_setof_record('{}');
 first | second 
-------+--------
(0 rows)

-- From Python Dictionary, with extra fields
SELECT test_return_out_setof_record('[{"first": "value", "second": 4, "third": "ignored"}]');
 test_return_out_setof_record 
------------------------------
 (value,4)
(1 row)

SELECT * FROM test_return_out_setof_record('[{"first": "value", "second": 4}, "third": "ignored"}]');
ERROR:  SyntaxError: invalid syntax (<string>, line 1) (plpython.c:4699)
CONTEXT:  Traceback (most recent call last):
  PL/Python function "test_return_out_setof_record", line 2, in <module>
    exec('y = ' + s)
PL/Python function "test_return_out_setof_record"
-- From Python List of String (one character per column)
SELECT test_return_out_setof_record('["a4"]');
 test_return_out_setof_record 
------------------------------
 (a,4)
(1 row)

SELECT * FROM test_return_out_setof_record('["a4"]');
 first | second 
-------+--------
 a     |      4
(1 row)

--
-- Case 5: RETURNS TABLE
--
-- From Python empty list
SELECT test_return_table('[]');
 test_return_table 
-------------------
(0 rows)

SELECT * FROM test_return_table('[]');
 first | second 
-------+--------
(0 rows)

SELECT test_return_table('[]')
FROM gp_single_row;
ERROR:  Can't serialize transient record types (tupser.c:165)
SELECT (test_return_table('[]')).*;
 first | second 
-------+--------
(0 rows)

SELECT (test_return_table('[]')).*
FROM gp_single_row;
 first | second 
-------+--------
(0 rows)

-- From Python List
SELECT test_return_table('[ ("value", 4), {"first": "test", "second": 2} ]');
 test_return_table 
-------------------
 (value,4)
 (test,2)
(2 rows)

SELECT * FROM test_return_table('[ ("value", 4), {"first": "test", "second": 2} ]');
 first | second 
-------+--------
 value |      4
 test  |      2
(2 rows)

SELECT test_return_table('[ None, ("value", 4), {"first": "test", "second": 2} ]')
FROM gp_single_row;
ERROR:  Can't serialize transient record types (tupser.c:165)
SELECT (test_return_table('[ ("value", 4), {"first": "test", "second": 2} ]')).*;
 first | second 
-------+--------
 value |      4
 test  |      2
(2 rows)

SELECT (test_return_table('[ ("value", 4), {"first": "test", "second": 2} ]')).*
FROM gp_single_row;
 first | second 
-------+--------
 value |      4
 test  |      2
(2 rows)

-- Error conditions
-- [ERROR] From Python None
SELECT test_return_table('None');
ERROR:  returned object cannot be iterated
DETAIL:  PL/Python set-returning functions must return an iterable object.
CONTEXT:  PL/Python function "test_return_table"
SELECT * FROM test_return_table('None');
ERROR:  returned object cannot be iterated
DETAIL:  PL/Python set-returning functions must return an iterable object.
CONTEXT:  PL/Python function "test_return_table"
-- [ERROR] From Python bool
SELECT test_return_table('True');
ERROR:  returned object cannot be iterated
DETAIL:  PL/Python set-returning functions must return an iterable object.
CONTEXT:  PL/Python function "test_return_table"
SELECT * FROM test_return_table('True');
ERROR:  returned object cannot be iterated
DETAIL:  PL/Python set-returning functions must return an iterable object.
CONTEXT:  PL/Python function "test_return_table"
-- [ERROR] From Python string
SELECT test_return_table('"value"');
ERROR:  length of returned sequence did not match number of columns in row
CONTEXT:  while creating return value
PL/Python function "test_return_table"
SELECT * FROM test_return_table('"value"');
ERROR:  length of returned sequence did not match number of columns in row
CONTEXT:  while creating return value
PL/Python function "test_return_table"
-- [ERROR] From Python List
SELECT test_return_table('("value", 4)');
ERROR:  length of returned sequence did not match number of columns in row
CONTEXT:  while creating return value
PL/Python function "test_return_table"
SELECT * FROM test_return_table('("value", 4)');
ERROR:  length of returned sequence did not match number of columns in row
CONTEXT:  while creating return value
PL/Python function "test_return_table"
-- [ERROR] From Python non-empty list, wrong number of columns
SELECT test_return_table('[ [False] ]');
ERROR:  length of returned sequence did not match number of columns in row
CONTEXT:  while creating return value
PL/Python function "test_return_table"
SELECT * FROM test_return_table('[ [False] ]');
ERROR:  length of returned sequence did not match number of columns in row
CONTEXT:  while creating return value
PL/Python function "test_return_table"
-- [ERROR] From Python non-empty list, wrong datatypes
SELECT test_return_table('[ [4, "value"] ]');
ERROR:  invalid input syntax for integer: "value"
CONTEXT:  while creating return value
PL/Python function "test_return_table"
SELECT * FROM test_return_table('[ [4, "value"] ]');
ERROR:  invalid input syntax for integer: "value"
CONTEXT:  while creating return value
PL/Python function "test_return_table"
-- [ERROR] From Python non-empty list, containing None
SELECT test_return_table('[ None, ["value", 4] ]');
 test_return_table 
-------------------
 
 (value,4)
(2 rows)

SELECT * FROM test_return_table('[ None, ["value", 4] ]');
ERROR:  function returning set of rows cannot return null value
-- [ERROR] From Python dict without the needed columns
SELECT test_return_table('[ {None: None} ]');
ERROR:  key "first" not found in mapping
HINT:  To return null in a column, add the value None to the mapping with the key named after the column.
CONTEXT:  while creating return value
PL/Python function "test_return_table"
SELECT * FROM test_return_table('[ {None: None} ]');
ERROR:  key "first" not found in mapping
HINT:  To return null in a column, add the value None to the mapping with the key named after the column.
CONTEXT:  while creating return value
PL/Python function "test_return_table"
-- [ERROR] From Python List of String (one character per column)
SELECT test_return_table('["a4"]');
 test_return_table 
-------------------
 (a,4)
(1 row)

SELECT * FROM test_return_table('["a4"]');
 first | second 
-------+--------
 a     |      4
(1 row)

-- Questionable Success conditions
-- From Python empty string
SELECT test_return_table('""');
 test_return_table 
-------------------
(0 rows)

SELECT * FROM test_return_table('""');
 first | second 
-------+--------
(0 rows)

-- From Python empty dict
SELECT test_return_table('{}');
 test_return_table 
-------------------
(0 rows)

SELECT * FROM test_return_table('{}');
 first | second 
-------+--------
(0 rows)

-- From Python Dictionary, with extra fields
SELECT test_return_table('[{"first": "value", "second": 4, "third": "ignored"}]');
 test_return_table 
-------------------
 (value,4)
(1 row)

SELECT * FROM test_return_table('[{"first": "value", "second": 4, "third": "ignored"}]');
 first | second 
-------+--------
 value |      4
(1 row)

--
-- Cleanup 
--
DROP TABLE gp_single_row;
